<?xml version="1.0" encoding="UTF-8"?>
<testsuite name="tests.SearchResultsTest" tests="1" skipped="0" failures="0" errors="0" timestamp="2022-02-07T15:44:37" hostname="DESKTOP-HNRFIL6" time="11.055">
  <properties/>
  <testcase name="verifyPriceOfSearchedCommodity2" classname="tests.SearchResultsTest" time="11.055"/>
  <system-out><![CDATA[2022-02-07 17:44:33 INFO [WebDriverSingleton]:[27] -> WebDriver is created
2022-02-07 17:44:37 INFO [MainPage]:[27] -> Search field is filled by Laptop
2022-02-07 17:44:39 INFO [Button]:[30] -> Clicked by 'safeclick' on first time.
2022-02-07 17:44:39 INFO [MainPage]:[33] -> Search button is clicked
2022-02-07 17:44:40 INFO [SearchResultsPage]:[27] -> Brand 'Lenovo' was selected.
2022-02-07 17:44:46 INFO [SearchResultsPage]:[36] -> Checkbox 'lenovo/' was selected.
2022-02-07 17:44:46 INFO [SearchResultsPage]:[45] -> Sort option was selected.
2022-02-07 17:44:46 INFO [Button]:[30] -> Clicked by 'safeclick' on first time.
2022-02-07 17:44:46 INFO [SearchResultsPage]:[51] -> First element's bucket is clicked.
2022-02-07 17:44:47 INFO [Button]:[30] -> Clicked by 'safeclick' on first time.
2022-02-07 17:44:47 INFO [BucketPage]:[17] -> Bucket window is opened.
2022-02-07 17:44:48 INFO [Verifier]:[22] -> Enough money to pay. Price 24999 is less than 50000.  Checked with SoftAssert
2022-02-07 17:44:48 INFO [Verifier]:[14] -> Enough money to pay. Price 24999 is less than 50000
]]></system-out>
  <system-err><![CDATA[1644248665372	geckodriver	INFO	Listening on 127.0.0.1:29499
1644248666371	mozrunner::runner	INFO	Running command: "C:\\Program Files\\Mozilla Firefox\\firefox.exe" "--marionette" "-no-remote" "-profile" "C:\\Users\\38093\\AppData\\Local\\Temp\\rust_mozprofile0IB4Qt"
1644248667766	Marionette	INFO	Marionette enabled
console.warn: SearchSettings: "get: No settings file exists, new profile?" (new NotFoundError("Could not open the file at C:\\Users\\38093\\AppData\\Local\\Temp\\rust_mozprofile0IB4Qt\\search.json.mozlz4", (void 0)))
1644248672848	Marionette	INFO	Listening on port 58616
1644248673342	RemoteAgent	WARN	TLS certificate errors will be ignored for this session
фев 07, 2022 5:44:33 PM org.openqa.selenium.remote.ProtocolHandshake createSession
INFO: Detected dialect: W3C
console.warn: LoginRecipes: "getRecipes: falling back to a synchronous message for:" "https://rozetka.com.ua"
JavaScript error: resource://gre/actors/AutoCompleteChild.jsm, line 125: Error: Invalid autocomplete selectedIndex
JavaScript error: resource://gre/actors/AutoCompleteChild.jsm, line 125: Error: Invalid autocomplete selectedIndex
JavaScript error: resource://gre/modules/LoginManagerChild.jsm, line 194: NS_ERROR_XPC_JAVASCRIPT_ERROR_WITH_DETAILS: [JavaScript Error: "Invalid autocomplete selectedIndex" {file: "resource://gre/actors/AutoCompleteChild.jsm" line: 125}]'[JavaScript Error: "Invalid autocomplete selectedIndex" {file: "resource://gre/actors/AutoCompleteChild.jsm" line: 125}]' when calling method: [nsIAutoCompletePopup::selectedIndex]
1644248688654	Marionette	INFO	Stopped listening on port 58616
[Parent 18380, IPC I/O Parent] WARNING: file /builds/worker/checkouts/gecko/ipc/chromium/src/base/process_util_win.cc:167
JavaScript error: resource://devtools/client/jsonview/Sniffer.jsm, line 56: NS_ERROR_NOT_AVAILABLE: Component returned failure code: 0x80040111 (NS_ERROR_NOT_AVAILABLE) [nsIChannel.contentType]
[Parent 18380, IPC I/O Parent] WARNING: file /builds/worker/checkouts/gecko/ipc/chromium/src/base/process_util_win.cc:167
]]></system-err>
</testsuite>
